Getting Slither report...
Switched global version to 0.4.26



'solc --version' running
'solc ../smartbugs-curated/dataset/access_control/parity_wallet_bug_1.sol --combined-json abi,ast,bin,bin-runtime,srcmap,srcmap-runtime,userdoc,devdoc,hashes,compact-format --allow-paths .,/home/mokita/sc_study/temp/smartbugs-curated/dataset/access_control' running
Compilation warnings/errors on ../smartbugs-curated/dataset/access_control/parity_wallet_bug_1.sol:
../smartbugs-curated/dataset/access_control/parity_wallet_bug_1.sol:130:5: Warning: Use of the "var" keyword is deprecated.
    var pending = m_pending[_operation];
    ^---------^
../smartbugs-curated/dataset/access_control/parity_wallet_bug_1.sol:194:5: Warning: Use of the "var" keyword is deprecated.
    var pending = m_pending[_operation];
    ^---------^
../smartbugs-curated/dataset/access_control/parity_wallet_bug_1.sol:245:11: Warning: "throw" is deprecated in favour of "revert()", "require()" and "assert()".
          throw;
          ^---^
../smartbugs-curated/dataset/access_control/parity_wallet_bug_1.sol:279:11: Warning: "throw" is deprecated in favour of "revert()", "require()" and "assert()".
          throw;
          ^---^
../smartbugs-curated/dataset/access_control/parity_wallet_bug_1.sol:296:5: Warning: Use of the "var" keyword is deprecated.
    var pending = m_pending[_operation];
    ^---------^
../smartbugs-curated/dataset/access_control/parity_wallet_bug_1.sol:405:3: Warning: Defining constructors as functions with the same name as the contract is deprecated. Use "constructor(...) { ... }" instead.
  function Wallet(address[] _owners, uint _required, uint _daylimit) {
  ^ (Relevant source part starts here and spans across multiple lines).
../smartbugs-curated/dataset/access_control/parity_wallet_bug_1.sol:19:1: Warning: Source file does not specify required compiler version!Consider adding "pragma solidity ^0.4.26;"
contract WalletEvents {
^ (Relevant source part starts here and spans across multiple lines).
../smartbugs-curated/dataset/access_control/parity_wallet_bug_1.sol:263:3: Warning: Variable is shadowed in inline assembly by an instruction of the same name
  function create(uint _value, bytes _code) internal returns (address o_addr) {
  ^ (Relevant source part starts here and spans across multiple lines).
../smartbugs-curated/dataset/access_control/parity_wallet_bug_1.sol:107:7: Warning: Invoking events without "emit" prefix is deprecated.
      Deposit(msg.sender, msg.value);
      ^----------------------------^
../smartbugs-curated/dataset/access_control/parity_wallet_bug_1.sol:134:7: Warning: Invoking events without "emit" prefix is deprecated.
      Revoke(msg.sender, _operation);
      ^----------------------------^
../smartbugs-curated/dataset/access_control/parity_wallet_bug_1.sol:139:67: Warning: "sha3" has been deprecated in favour of "keccak256"
  function changeOwner(address _from, address _to) onlymanyowners(sha3(msg.data)) external {
                                                                  ^------------^
../smartbugs-curated/dataset/access_control/parity_wallet_bug_1.sol:148:5: Warning: Invoking events without "emit" prefix is deprecated.
    OwnerChanged(_from, _to);
    ^----------------------^
../smartbugs-curated/dataset/access_control/parity_wallet_bug_1.sol:151:52: Warning: "sha3" has been deprecated in favour of "keccak256"
  function addOwner(address _owner) onlymanyowners(sha3(msg.data)) external {
                                                   ^------------^
../smartbugs-curated/dataset/access_control/parity_wallet_bug_1.sol:162:5: Warning: Invoking events without "emit" prefix is deprecated.
    OwnerAdded(_owner);
    ^----------------^
../smartbugs-curated/dataset/access_control/parity_wallet_bug_1.sol:165:55: Warning: "sha3" has been deprecated in favour of "keccak256"
  function removeOwner(address _owner) onlymanyowners(sha3(msg.data)) external {
                                                      ^------------^
../smartbugs-curated/dataset/access_control/parity_wallet_bug_1.sol:174:5: Warning: Invoking events without "emit" prefix is deprecated.
    OwnerRemoved(_owner);
    ^------------------^
../smartbugs-curated/dataset/access_control/parity_wallet_bug_1.sol:177:64: Warning: "sha3" has been deprecated in favour of "keccak256"
  function changeRequirement(uint _newRequired) onlymanyowners(sha3(msg.data)) external {
                                                               ^------------^
../smartbugs-curated/dataset/access_control/parity_wallet_bug_1.sol:181:5: Warning: Invoking events without "emit" prefix is deprecated.
    RequirementChanged(_newRequired);
    ^------------------------------^
../smartbugs-curated/dataset/access_control/parity_wallet_bug_1.sol:211:57: Warning: "sha3" has been deprecated in favour of "keccak256"
  function setDailyLimit(uint _newLimit) onlymanyowners(sha3(msg.data)) external {
                                                        ^------------^
../smartbugs-curated/dataset/access_control/parity_wallet_bug_1.sol:215:45: Warning: "sha3" has been deprecated in favour of "keccak256"
  function resetSpentToday() onlymanyowners(sha3(msg.data)) external {
                                            ^------------^
../smartbugs-curated/dataset/access_control/parity_wallet_bug_1.sol:228:45: Warning: "sha3" has been deprecated in favour of "keccak256"
  function kill(address _to) onlymanyowners(sha3(msg.data)) external {
                                            ^------------^
../smartbugs-curated/dataset/access_control/parity_wallet_bug_1.sol:229:5: Warning: "suicide" has been deprecated in favour of "selfdestruct"
    suicide(_to);
    ^----------^
../smartbugs-curated/dataset/access_control/parity_wallet_bug_1.sol:247:7: Warning: Invoking events without "emit" prefix is deprecated.
      SingleTransact(msg.sender, _value, _to, _data, created);
      ^-----------------------------------------------------^
../smartbugs-curated/dataset/access_control/parity_wallet_bug_1.sol:250:16: Warning: "sha3" has been deprecated in favour of "keccak256"
      o_hash = sha3(msg.data, block.number);
               ^--------------------------^
../smartbugs-curated/dataset/access_control/parity_wallet_bug_1.sol:250:16: Warning: This function only accepts a single "bytes" argument. Please use "abi.encodePacked(...)" or a similar function to encode the data.
      o_hash = sha3(msg.data, block.number);
               ^--------------------------^
../smartbugs-curated/dataset/access_control/parity_wallet_bug_1.sol:258:9: Warning: Invoking events without "emit" prefix is deprecated.
        ConfirmationNeeded(o_hash, msg.sender, _value, _to, _data);
        ^--------------------------------------------------------^
../smartbugs-curated/dataset/access_control/parity_wallet_bug_1.sol:266:13: Error: Identifier not found.
      jumpi(invalidJumpLabel, iszero(extcodesize(o_addr)))
            ^--------------^
../smartbugs-curated/dataset/access_control/parity_wallet_bug_1.sol:266:7: Warning: Jump instructions and labels are low-level EVM features that can lead to incorrect stack access. Because of that they are discouraged. Please consider using "switch", "if" or "for" statements instead.
      jumpi(invalidJumpLabel, iszero(extcodesize(o_addr)))
      ^--------------------------------------------------^
../smartbugs-curated/dataset/access_control/parity_wallet_bug_1.sol:282:7: Warning: Invoking events without "emit" prefix is deprecated.
      MultiTransact(msg.sender, _h, m_txs[_h].value, m_txs[_h].to, m_txs[_h].data, created);
      ^-----------------------------------------------------------------------------------^
../smartbugs-curated/dataset/access_control/parity_wallet_bug_1.sol:310:7: Warning: Invoking events without "emit" prefix is deprecated.
      Confirmation(msg.sender, _operation);
      ^----------------------------------^
../smartbugs-curated/dataset/access_control/parity_wallet_bug_1.sol:376:37: Warning: This looks like an address but has an invalid checksum. If this is not used as an address, please prepend '00'. Correct checksummed address: '0xCAfEcAfeCAfECaFeCaFecaFecaFECafECafeCaFe'. For more information please see https://solidity.readthedocs.io/en/develop/types.html#address-literals
  address constant _walletLibrary = 0xcafecafecafecafecafecafecafecafecafecafe;
                                    ^----------------------------------------^
../smartbugs-curated/dataset/access_control/parity_wallet_bug_1.sol:407:25: Warning: "sha3" has been deprecated in favour of "keccak256"
    bytes4 sig = bytes4(sha3("initWallet(address[],uint256,uint256)"));
                        ^-------------------------------------------^
../smartbugs-curated/dataset/access_control/parity_wallet_bug_1.sol:423:7: Warning: Top-level expressions are not supposed to return values (this expression returns 1 value). Use ``pop()`` or assign them.
      delegatecall(sub(gas, 10000), target, 0x0, add(argsize, 0x4), 0x0, 0x0)
      ^---------------------------------------------------------------------^
../smartbugs-curated/dataset/access_control/parity_wallet_bug_1.sol:416:14: Error: Unbalanced stack at the end of a block: 1 surplus item(s).
    assembly {
             ^ (Relevant source part starts here and spans across multiple lines).
../smartbugs-curated/dataset/access_control/parity_wallet_bug_1.sol:433:7: Warning: Invoking events without "emit" prefix is deprecated.
      Deposit(msg.sender, msg.value);
      ^----------------------------^
../smartbugs-curated/dataset/access_control/parity_wallet_bug_1.sol:436:7: Warning: Return value of low-level calls not used.
      _walletLibrary.delegatecall(msg.data); //it should have whitelisted specific methods that the user is allowed to call
      ^-----------------------------------^
../smartbugs-curated/dataset/access_control/parity_wallet_bug_1.sol:455:37: Warning: This looks like an address but has an invalid checksum. If this is not used as an address, please prepend '00'. Correct checksummed address: '0xCAfEcAfeCAfECaFeCaFecaFecaFECafECafeCaFe'. For more information please see https://solidity.readthedocs.io/en/develop/types.html#address-literals
  address constant _walletLibrary = 0xcafecafecafecafecafecafecafecafecafecafe;
                                    ^----------------------------------------^

Traceback (most recent call last):
  File "/home/mokita/sc_study/temp/TIPS/.venv/lib/python3.10/site-packages/crytic_compile/platform/solc.py", line 582, in _run_solc
    ret: Dict = json.loads(stdout)
  File "/usr/lib/python3.10/json/__init__.py", line 346, in loads
    return _default_decoder.decode(s)
  File "/usr/lib/python3.10/json/decoder.py", line 337, in decode
    obj, end = self.raw_decode(s, idx=_w(s, 0).end())
  File "/usr/lib/python3.10/json/decoder.py", line 355, in raw_decode
    raise JSONDecodeError("Expecting value", s, err.value) from None
json.decoder.JSONDecodeError: Expecting value: line 1 column 1 (char 0)

During handling of the above exception, another exception occurred:

Traceback (most recent call last):
  File "/home/mokita/sc_study/temp/TIPS/.venv/bin/slither", line 8, in <module>
    sys.exit(main())
  File "/home/mokita/sc_study/temp/TIPS/.venv/lib/python3.10/site-packages/slither/__main__.py", line 753, in main
    main_impl(all_detector_classes=detectors, all_printer_classes=printers)
  File "/home/mokita/sc_study/temp/TIPS/.venv/lib/python3.10/site-packages/slither/__main__.py", line 859, in main_impl
    ) = process_all(filename, args, detector_classes, printer_classes)
  File "/home/mokita/sc_study/temp/TIPS/.venv/lib/python3.10/site-packages/slither/__main__.py", line 96, in process_all
    compilations = compile_all(target, **vars(args))
  File "/home/mokita/sc_study/temp/TIPS/.venv/lib/python3.10/site-packages/crytic_compile/crytic_compile.py", line 722, in compile_all
    compilations.append(CryticCompile(target, **kwargs))
  File "/home/mokita/sc_study/temp/TIPS/.venv/lib/python3.10/site-packages/crytic_compile/crytic_compile.py", line 211, in __init__
    self._compile(**kwargs)
  File "/home/mokita/sc_study/temp/TIPS/.venv/lib/python3.10/site-packages/crytic_compile/crytic_compile.py", line 633, in _compile
    self._platform.compile(self, **kwargs)
  File "/home/mokita/sc_study/temp/TIPS/.venv/lib/python3.10/site-packages/crytic_compile/platform/solc.py", line 151, in compile
    targets_json = _get_targets_json(compilation_unit, self._target, **kwargs)
  File "/home/mokita/sc_study/temp/TIPS/.venv/lib/python3.10/site-packages/crytic_compile/platform/solc.py", line 280, in _get_targets_json
    return _run_solc(
  File "/home/mokita/sc_study/temp/TIPS/.venv/lib/python3.10/site-packages/crytic_compile/platform/solc.py", line 586, in _run_solc
    raise InvalidCompilation(f"Invalid solc compilation {stderr}")
crytic_compile.platform.exceptions.InvalidCompilation: Invalid solc compilation ../smartbugs-curated/dataset/access_control/parity_wallet_bug_1.sol:130:5: Warning: Use of the "var" keyword is deprecated.
    var pending = m_pending[_operation];
    ^---------^
../smartbugs-curated/dataset/access_control/parity_wallet_bug_1.sol:194:5: Warning: Use of the "var" keyword is deprecated.
    var pending = m_pending[_operation];
    ^---------^
../smartbugs-curated/dataset/access_control/parity_wallet_bug_1.sol:245:11: Warning: "throw" is deprecated in favour of "revert()", "require()" and "assert()".
          throw;
          ^---^
../smartbugs-curated/dataset/access_control/parity_wallet_bug_1.sol:279:11: Warning: "throw" is deprecated in favour of "revert()", "require()" and "assert()".
          throw;
          ^---^
../smartbugs-curated/dataset/access_control/parity_wallet_bug_1.sol:296:5: Warning: Use of the "var" keyword is deprecated.
    var pending = m_pending[_operation];
    ^---------^
../smartbugs-curated/dataset/access_control/parity_wallet_bug_1.sol:405:3: Warning: Defining constructors as functions with the same name as the contract is deprecated. Use "constructor(...) { ... }" instead.
  function Wallet(address[] _owners, uint _required, uint _daylimit) {
  ^ (Relevant source part starts here and spans across multiple lines).
../smartbugs-curated/dataset/access_control/parity_wallet_bug_1.sol:19:1: Warning: Source file does not specify required compiler version!Consider adding "pragma solidity ^0.4.26;"
contract WalletEvents {
^ (Relevant source part starts here and spans across multiple lines).
../smartbugs-curated/dataset/access_control/parity_wallet_bug_1.sol:263:3: Warning: Variable is shadowed in inline assembly by an instruction of the same name
  function create(uint _value, bytes _code) internal returns (address o_addr) {
  ^ (Relevant source part starts here and spans across multiple lines).
../smartbugs-curated/dataset/access_control/parity_wallet_bug_1.sol:107:7: Warning: Invoking events without "emit" prefix is deprecated.
      Deposit(msg.sender, msg.value);
      ^----------------------------^
../smartbugs-curated/dataset/access_control/parity_wallet_bug_1.sol:134:7: Warning: Invoking events without "emit" prefix is deprecated.
      Revoke(msg.sender, _operation);
      ^----------------------------^
../smartbugs-curated/dataset/access_control/parity_wallet_bug_1.sol:139:67: Warning: "sha3" has been deprecated in favour of "keccak256"
  function changeOwner(address _from, address _to) onlymanyowners(sha3(msg.data)) external {
                                                                  ^------------^
../smartbugs-curated/dataset/access_control/parity_wallet_bug_1.sol:148:5: Warning: Invoking events without "emit" prefix is deprecated.
    OwnerChanged(_from, _to);
    ^----------------------^
../smartbugs-curated/dataset/access_control/parity_wallet_bug_1.sol:151:52: Warning: "sha3" has been deprecated in favour of "keccak256"
  function addOwner(address _owner) onlymanyowners(sha3(msg.data)) external {
                                                   ^------------^
../smartbugs-curated/dataset/access_control/parity_wallet_bug_1.sol:162:5: Warning: Invoking events without "emit" prefix is deprecated.
    OwnerAdded(_owner);
    ^----------------^
../smartbugs-curated/dataset/access_control/parity_wallet_bug_1.sol:165:55: Warning: "sha3" has been deprecated in favour of "keccak256"
  function removeOwner(address _owner) onlymanyowners(sha3(msg.data)) external {
                                                      ^------------^
../smartbugs-curated/dataset/access_control/parity_wallet_bug_1.sol:174:5: Warning: Invoking events without "emit" prefix is deprecated.
    OwnerRemoved(_owner);
    ^------------------^
../smartbugs-curated/dataset/access_control/parity_wallet_bug_1.sol:177:64: Warning: "sha3" has been deprecated in favour of "keccak256"
  function changeRequirement(uint _newRequired) onlymanyowners(sha3(msg.data)) external {
                                                               ^------------^
../smartbugs-curated/dataset/access_control/parity_wallet_bug_1.sol:181:5: Warning: Invoking events without "emit" prefix is deprecated.
    RequirementChanged(_newRequired);
    ^------------------------------^
../smartbugs-curated/dataset/access_control/parity_wallet_bug_1.sol:211:57: Warning: "sha3" has been deprecated in favour of "keccak256"
  function setDailyLimit(uint _newLimit) onlymanyowners(sha3(msg.data)) external {
                                                        ^------------^
../smartbugs-curated/dataset/access_control/parity_wallet_bug_1.sol:215:45: Warning: "sha3" has been deprecated in favour of "keccak256"
  function resetSpentToday() onlymanyowners(sha3(msg.data)) external {
                                            ^------------^
../smartbugs-curated/dataset/access_control/parity_wallet_bug_1.sol:228:45: Warning: "sha3" has been deprecated in favour of "keccak256"
  function kill(address _to) onlymanyowners(sha3(msg.data)) external {
                                            ^------------^
../smartbugs-curated/dataset/access_control/parity_wallet_bug_1.sol:229:5: Warning: "suicide" has been deprecated in favour of "selfdestruct"
    suicide(_to);
    ^----------^
../smartbugs-curated/dataset/access_control/parity_wallet_bug_1.sol:247:7: Warning: Invoking events without "emit" prefix is deprecated.
      SingleTransact(msg.sender, _value, _to, _data, created);
      ^-----------------------------------------------------^
../smartbugs-curated/dataset/access_control/parity_wallet_bug_1.sol:250:16: Warning: "sha3" has been deprecated in favour of "keccak256"
      o_hash = sha3(msg.data, block.number);
               ^--------------------------^
../smartbugs-curated/dataset/access_control/parity_wallet_bug_1.sol:250:16: Warning: This function only accepts a single "bytes" argument. Please use "abi.encodePacked(...)" or a similar function to encode the data.
      o_hash = sha3(msg.data, block.number);
               ^--------------------------^
../smartbugs-curated/dataset/access_control/parity_wallet_bug_1.sol:258:9: Warning: Invoking events without "emit" prefix is deprecated.
        ConfirmationNeeded(o_hash, msg.sender, _value, _to, _data);
        ^--------------------------------------------------------^
../smartbugs-curated/dataset/access_control/parity_wallet_bug_1.sol:266:13: Error: Identifier not found.
      jumpi(invalidJumpLabel, iszero(extcodesize(o_addr)))
            ^--------------^
../smartbugs-curated/dataset/access_control/parity_wallet_bug_1.sol:266:7: Warning: Jump instructions and labels are low-level EVM features that can lead to incorrect stack access. Because of that they are discouraged. Please consider using "switch", "if" or "for" statements instead.
      jumpi(invalidJumpLabel, iszero(extcodesize(o_addr)))
      ^--------------------------------------------------^
../smartbugs-curated/dataset/access_control/parity_wallet_bug_1.sol:282:7: Warning: Invoking events without "emit" prefix is deprecated.
      MultiTransact(msg.sender, _h, m_txs[_h].value, m_txs[_h].to, m_txs[_h].data, created);
      ^-----------------------------------------------------------------------------------^
../smartbugs-curated/dataset/access_control/parity_wallet_bug_1.sol:310:7: Warning: Invoking events without "emit" prefix is deprecated.
      Confirmation(msg.sender, _operation);
      ^----------------------------------^
../smartbugs-curated/dataset/access_control/parity_wallet_bug_1.sol:376:37: Warning: This looks like an address but has an invalid checksum. If this is not used as an address, please prepend '00'. Correct checksummed address: '0xCAfEcAfeCAfECaFeCaFecaFecaFECafECafeCaFe'. For more information please see https://solidity.readthedocs.io/en/develop/types.html#address-literals
  address constant _walletLibrary = 0xcafecafecafecafecafecafecafecafecafecafe;
                                    ^----------------------------------------^
../smartbugs-curated/dataset/access_control/parity_wallet_bug_1.sol:407:25: Warning: "sha3" has been deprecated in favour of "keccak256"
    bytes4 sig = bytes4(sha3("initWallet(address[],uint256,uint256)"));
                        ^-------------------------------------------^
../smartbugs-curated/dataset/access_control/parity_wallet_bug_1.sol:423:7: Warning: Top-level expressions are not supposed to return values (this expression returns 1 value). Use ``pop()`` or assign them.
      delegatecall(sub(gas, 10000), target, 0x0, add(argsize, 0x4), 0x0, 0x0)
      ^---------------------------------------------------------------------^
../smartbugs-curated/dataset/access_control/parity_wallet_bug_1.sol:416:14: Error: Unbalanced stack at the end of a block: 1 surplus item(s).
    assembly {
             ^ (Relevant source part starts here and spans across multiple lines).
../smartbugs-curated/dataset/access_control/parity_wallet_bug_1.sol:433:7: Warning: Invoking events without "emit" prefix is deprecated.
      Deposit(msg.sender, msg.value);
      ^----------------------------^
../smartbugs-curated/dataset/access_control/parity_wallet_bug_1.sol:436:7: Warning: Return value of low-level calls not used.
      _walletLibrary.delegatecall(msg.data); //it should have whitelisted specific methods that the user is allowed to call
      ^-----------------------------------^
../smartbugs-curated/dataset/access_control/parity_wallet_bug_1.sol:455:37: Warning: This looks like an address but has an invalid checksum. If this is not used as an address, please prepend '00'. Correct checksummed address: '0xCAfEcAfeCAfECaFeCaFecaFecaFECafECafeCaFe'. For more information please see https://solidity.readthedocs.io/en/develop/types.html#address-literals
  address constant _walletLibrary = 0xcafecafecafecafecafecafecafecafecafecafe;
                                    ^----------------------------------------^


Error running slither
Getting Solidity AST...
