Compilation warnings/errors on smartbugs/dataset/access_control/parity_wallet_bug_1.sol:
smartbugs/dataset/access_control/parity_wallet_bug_1.sol:131:5: Warning: Use of the "var" keyword is deprecated.
    var pending = m_pending[_operation];
    ^---------^
smartbugs/dataset/access_control/parity_wallet_bug_1.sol:195:5: Warning: Use of the "var" keyword is deprecated.
    var pending = m_pending[_operation];
    ^---------^
smartbugs/dataset/access_control/parity_wallet_bug_1.sol:246:11: Warning: "throw" is deprecated in favour of "revert()", "require()" and "assert()".
          throw;
          ^---^
smartbugs/dataset/access_control/parity_wallet_bug_1.sol:280:11: Warning: "throw" is deprecated in favour of "revert()", "require()" and "assert()".
          throw;
          ^---^
smartbugs/dataset/access_control/parity_wallet_bug_1.sol:297:5: Warning: Use of the "var" keyword is deprecated.
    var pending = m_pending[_operation];
    ^---------^
smartbugs/dataset/access_control/parity_wallet_bug_1.sol:406:3: Warning: Defining constructors as functions with the same name as the contract is deprecated. Use "constructor(...) { ... }" instead.
  function Wallet(address[] _owners, uint _required, uint _daylimit) {
  ^ (Relevant source part starts here and spans across multiple lines).
smartbugs/dataset/access_control/parity_wallet_bug_1.sol:264:3: Warning: Variable is shadowed in inline assembly by an instruction of the same name
  function create(uint _value, bytes _code) internal returns (address o_addr) {
  ^ (Relevant source part starts here and spans across multiple lines).
smartbugs/dataset/access_control/parity_wallet_bug_1.sol:108:7: Warning: Invoking events without "emit" prefix is deprecated.
      Deposit(msg.sender, msg.value);
      ^----------------------------^
smartbugs/dataset/access_control/parity_wallet_bug_1.sol:135:7: Warning: Invoking events without "emit" prefix is deprecated.
      Revoke(msg.sender, _operation);
      ^----------------------------^
smartbugs/dataset/access_control/parity_wallet_bug_1.sol:140:67: Warning: "sha3" has been deprecated in favour of "keccak256"
  function changeOwner(address _from, address _to) onlymanyowners(sha3(msg.data)) external {
                                                                  ^------------^
smartbugs/dataset/access_control/parity_wallet_bug_1.sol:149:5: Warning: Invoking events without "emit" prefix is deprecated.
    OwnerChanged(_from, _to);
    ^----------------------^
smartbugs/dataset/access_control/parity_wallet_bug_1.sol:152:52: Warning: "sha3" has been deprecated in favour of "keccak256"
  function addOwner(address _owner) onlymanyowners(sha3(msg.data)) external {
                                                   ^------------^
smartbugs/dataset/access_control/parity_wallet_bug_1.sol:163:5: Warning: Invoking events without "emit" prefix is deprecated.
    OwnerAdded(_owner);
    ^----------------^
smartbugs/dataset/access_control/parity_wallet_bug_1.sol:166:55: Warning: "sha3" has been deprecated in favour of "keccak256"
  function removeOwner(address _owner) onlymanyowners(sha3(msg.data)) external {
                                                      ^------------^
smartbugs/dataset/access_control/parity_wallet_bug_1.sol:175:5: Warning: Invoking events without "emit" prefix is deprecated.
    OwnerRemoved(_owner);
    ^------------------^
smartbugs/dataset/access_control/parity_wallet_bug_1.sol:178:64: Warning: "sha3" has been deprecated in favour of "keccak256"
  function changeRequirement(uint _newRequired) onlymanyowners(sha3(msg.data)) external {
                                                               ^------------^
smartbugs/dataset/access_control/parity_wallet_bug_1.sol:182:5: Warning: Invoking events without "emit" prefix is deprecated.
    RequirementChanged(_newRequired);
    ^------------------------------^
smartbugs/dataset/access_control/parity_wallet_bug_1.sol:212:57: Warning: "sha3" has been deprecated in favour of "keccak256"
  function setDailyLimit(uint _newLimit) onlymanyowners(sha3(msg.data)) external {
                                                        ^------------^
smartbugs/dataset/access_control/parity_wallet_bug_1.sol:216:45: Warning: "sha3" has been deprecated in favour of "keccak256"
  function resetSpentToday() onlymanyowners(sha3(msg.data)) external {
                                            ^------------^
smartbugs/dataset/access_control/parity_wallet_bug_1.sol:229:45: Warning: "sha3" has been deprecated in favour of "keccak256"
  function kill(address _to) onlymanyowners(sha3(msg.data)) external {
                                            ^------------^
smartbugs/dataset/access_control/parity_wallet_bug_1.sol:230:5: Warning: "suicide" has been deprecated in favour of "selfdestruct"
    suicide(_to);
    ^----------^
smartbugs/dataset/access_control/parity_wallet_bug_1.sol:248:7: Warning: Invoking events without "emit" prefix is deprecated.
      SingleTransact(msg.sender, _value, _to, _data, created);
      ^-----------------------------------------------------^
smartbugs/dataset/access_control/parity_wallet_bug_1.sol:251:16: Warning: "sha3" has been deprecated in favour of "keccak256"
      o_hash = sha3(msg.data, block.number);
               ^--------------------------^
smartbugs/dataset/access_control/parity_wallet_bug_1.sol:251:16: Warning: This function only accepts a single "bytes" argument. Please use "abi.encodePacked(...)" or a similar function to encode the data.
      o_hash = sha3(msg.data, block.number);
               ^--------------------------^
smartbugs/dataset/access_control/parity_wallet_bug_1.sol:259:9: Warning: Invoking events without "emit" prefix is deprecated.
        ConfirmationNeeded(o_hash, msg.sender, _value, _to, _data);
        ^--------------------------------------------------------^
[91msmartbugs/dataset/access_control/parity_wallet_bug_1.sol:267:13: Error: Identifier not found.[0m
      jumpi(invalidJumpLabel, iszero(extcodesize(o_addr)))
            ^--------------^
smartbugs/dataset/access_control/parity_wallet_bug_1.sol:267:7: Warning: Jump instructions and labels are low-level EVM features that can lead to incorrect stack access. Because of that they are discouraged. Please consider using "switch", "if" or "for" statements instead.
      jumpi(invalidJumpLabel, iszero(extcodesize(o_addr)))
      ^--------------------------------------------------^
smartbugs/dataset/access_control/parity_wallet_bug_1.sol:283:7: Warning: Invoking events without "emit" prefix is deprecated.
      MultiTransact(msg.sender, _h, m_txs[_h].value, m_txs[_h].to, m_txs[_h].data, created);
      ^-----------------------------------------------------------------------------------^
smartbugs/dataset/access_control/parity_wallet_bug_1.sol:311:7: Warning: Invoking events without "emit" prefix is deprecated.
      Confirmation(msg.sender, _operation);
      ^----------------------------------^
smartbugs/dataset/access_control/parity_wallet_bug_1.sol:377:37: Warning: This looks like an address but has an invalid checksum. If this is not used as an address, please prepend '00'. Correct checksummed address: '0xCAfEcAfeCAfECaFeCaFecaFecaFECafECafeCaFe'. For more information please see https://solidity.readthedocs.io/en/develop/types.html#address-literals
  address constant _walletLibrary = 0xcafecafecafecafecafecafecafecafecafecafe;
                                    ^----------------------------------------^
smartbugs/dataset/access_control/parity_wallet_bug_1.sol:408:25: Warning: "sha3" has been deprecated in favour of "keccak256"
    bytes4 sig = bytes4(sha3("initWallet(address[],uint256,uint256)"));
                        ^-------------------------------------------^
smartbugs/dataset/access_control/parity_wallet_bug_1.sol:424:7: Warning: Top-level expressions are not supposed to return values (this expression returns 1 value). Use ``pop()`` or assign them.
      delegatecall(sub(gas, 10000), target, 0x0, add(argsize, 0x4), 0x0, 0x0)
      ^---------------------------------------------------------------------^
[91msmartbugs/dataset/access_control/parity_wallet_bug_1.sol:417:14: Error: Unbalanced stack at the end of a block: 1 surplus item(s).[0m
    assembly {
             ^ (Relevant source part starts here and spans across multiple lines).
smartbugs/dataset/access_control/parity_wallet_bug_1.sol:434:7: Warning: Invoking events without "emit" prefix is deprecated.
      Deposit(msg.sender, msg.value);
      ^----------------------------^
smartbugs/dataset/access_control/parity_wallet_bug_1.sol:437:7: Warning: Return value of low-level calls not used.
      _walletLibrary.delegatecall(msg.data); //it should have whitelisted specific methods that the user is allowed to call
      ^-----------------------------------^
smartbugs/dataset/access_control/parity_wallet_bug_1.sol:456:37: Warning: This looks like an address but has an invalid checksum. If this is not used as an address, please prepend '00'. Correct checksummed address: '0xCAfEcAfeCAfECaFeCaFecaFecaFECafECafeCaFe'. For more information please see https://solidity.readthedocs.io/en/develop/types.html#address-literals
  address constant _walletLibrary = 0xcafecafecafecafecafecafecafecafecafecafe;
                                    ^----------------------------------------^

Traceback (most recent call last):
  File "/usr/local/lib/python3.8/site-packages/crytic_compile/platform/solc.py", line 529, in _run_solc
    ret: Dict = json.loads(stdout)
  File "/usr/local/lib/python3.8/json/__init__.py", line 357, in loads
    return _default_decoder.decode(s)
  File "/usr/local/lib/python3.8/json/decoder.py", line 337, in decode
    obj, end = self.raw_decode(s, idx=_w(s, 0).end())
  File "/usr/local/lib/python3.8/json/decoder.py", line 355, in raw_decode
    raise JSONDecodeError("Expecting value", s, err.value) from None
json.decoder.JSONDecodeError: Expecting value: line 1 column 1 (char 0)

During handling of the above exception, another exception occurred:

Traceback (most recent call last):
  File "/sGuardPlus/src/../slither_func2vec/__main__.py", line 741, in main_impl
    ) = process_all(filename, args, detector_classes, printer_classes)
  File "/sGuardPlus/src/../slither_func2vec/__main__.py", line 72, in process_all
    compilations = compile_all(target, **vars(args))
  File "/usr/local/lib/python3.8/site-packages/crytic_compile/crytic_compile.py", line 637, in compile_all
    compilations.append(CryticCompile(target, **kwargs))
  File "/usr/local/lib/python3.8/site-packages/crytic_compile/crytic_compile.py", line 117, in __init__
    self._compile(**kwargs)
  File "/usr/local/lib/python3.8/site-packages/crytic_compile/crytic_compile.py", line 548, in _compile
    self._platform.compile(self, **kwargs)
  File "/usr/local/lib/python3.8/site-packages/crytic_compile/platform/solc.py", line 153, in compile
    targets_json = _get_targets_json(compilation_unit, self._target, **kwargs)
  File "/usr/local/lib/python3.8/site-packages/crytic_compile/platform/solc.py", line 275, in _get_targets_json
    return _run_solc(
  File "/usr/local/lib/python3.8/site-packages/crytic_compile/platform/solc.py", line 533, in _run_solc
    raise InvalidCompilation(f"Invalid solc compilation {stderr}")
crytic_compile.platform.exceptions.InvalidCompilation: Invalid solc compilation smartbugs/dataset/access_control/parity_wallet_bug_1.sol:131:5: Warning: Use of the "var" keyword is deprecated.
    var pending = m_pending[_operation];
    ^---------^
smartbugs/dataset/access_control/parity_wallet_bug_1.sol:195:5: Warning: Use of the "var" keyword is deprecated.
    var pending = m_pending[_operation];
    ^---------^
smartbugs/dataset/access_control/parity_wallet_bug_1.sol:246:11: Warning: "throw" is deprecated in favour of "revert()", "require()" and "assert()".
          throw;
          ^---^
smartbugs/dataset/access_control/parity_wallet_bug_1.sol:280:11: Warning: "throw" is deprecated in favour of "revert()", "require()" and "assert()".
          throw;
          ^---^
smartbugs/dataset/access_control/parity_wallet_bug_1.sol:297:5: Warning: Use of the "var" keyword is deprecated.
    var pending = m_pending[_operation];
    ^---------^
smartbugs/dataset/access_control/parity_wallet_bug_1.sol:406:3: Warning: Defining constructors as functions with the same name as the contract is deprecated. Use "constructor(...) { ... }" instead.
  function Wallet(address[] _owners, uint _required, uint _daylimit) {
  ^ (Relevant source part starts here and spans across multiple lines).
smartbugs/dataset/access_control/parity_wallet_bug_1.sol:264:3: Warning: Variable is shadowed in inline assembly by an instruction of the same name
  function create(uint _value, bytes _code) internal returns (address o_addr) {
  ^ (Relevant source part starts here and spans across multiple lines).
smartbugs/dataset/access_control/parity_wallet_bug_1.sol:108:7: Warning: Invoking events without "emit" prefix is deprecated.
      Deposit(msg.sender, msg.value);
      ^----------------------------^
smartbugs/dataset/access_control/parity_wallet_bug_1.sol:135:7: Warning: Invoking events without "emit" prefix is deprecated.
      Revoke(msg.sender, _operation);
      ^----------------------------^
smartbugs/dataset/access_control/parity_wallet_bug_1.sol:140:67: Warning: "sha3" has been deprecated in favour of "keccak256"
  function changeOwner(address _from, address _to) onlymanyowners(sha3(msg.data)) external {
                                                                  ^------------^
smartbugs/dataset/access_control/parity_wallet_bug_1.sol:149:5: Warning: Invoking events without "emit" prefix is deprecated.
    OwnerChanged(_from, _to);
    ^----------------------^
smartbugs/dataset/access_control/parity_wallet_bug_1.sol:152:52: Warning: "sha3" has been deprecated in favour of "keccak256"
  function addOwner(address _owner) onlymanyowners(sha3(msg.data)) external {
                                                   ^------------^
smartbugs/dataset/access_control/parity_wallet_bug_1.sol:163:5: Warning: Invoking events without "emit" prefix is deprecated.
    OwnerAdded(_owner);
    ^----------------^
smartbugs/dataset/access_control/parity_wallet_bug_1.sol:166:55: Warning: "sha3" has been deprecated in favour of "keccak256"
  function removeOwner(address _owner) onlymanyowners(sha3(msg.data)) external {
                                                      ^------------^
smartbugs/dataset/access_control/parity_wallet_bug_1.sol:175:5: Warning: Invoking events without "emit" prefix is deprecated.
    OwnerRemoved(_owner);
    ^------------------^
smartbugs/dataset/access_control/parity_wallet_bug_1.sol:178:64: Warning: "sha3" has been deprecated in favour of "keccak256"
  function changeRequirement(uint _newRequired) onlymanyowners(sha3(msg.data)) external {
                                                               ^------------^
smartbugs/dataset/access_control/parity_wallet_bug_1.sol:182:5: Warning: Invoking events without "emit" prefix is deprecated.
    RequirementChanged(_newRequired);
    ^------------------------------^
smartbugs/dataset/access_control/parity_wallet_bug_1.sol:212:57: Warning: "sha3" has been deprecated in favour of "keccak256"
  function setDailyLimit(uint _newLimit) onlymanyowners(sha3(msg.data)) external {
                                                        ^------------^
smartbugs/dataset/access_control/parity_wallet_bug_1.sol:216:45: Warning: "sha3" has been deprecated in favour of "keccak256"
  function resetSpentToday() onlymanyowners(sha3(msg.data)) external {
                                            ^------------^
smartbugs/dataset/access_control/parity_wallet_bug_1.sol:229:45: Warning: "sha3" has been deprecated in favour of "keccak256"
  function kill(address _to) onlymanyowners(sha3(msg.data)) external {
                                            ^------------^
smartbugs/dataset/access_control/parity_wallet_bug_1.sol:230:5: Warning: "suicide" has been deprecated in favour of "selfdestruct"
    suicide(_to);
    ^----------^
smartbugs/dataset/access_control/parity_wallet_bug_1.sol:248:7: Warning: Invoking events without "emit" prefix is deprecated.
      SingleTransact(msg.sender, _value, _to, _data, created);
      ^-----------------------------------------------------^
smartbugs/dataset/access_control/parity_wallet_bug_1.sol:251:16: Warning: "sha3" has been deprecated in favour of "keccak256"
      o_hash = sha3(msg.data, block.number);
               ^--------------------------^
smartbugs/dataset/access_control/parity_wallet_bug_1.sol:251:16: Warning: This function only accepts a single "bytes" argument. Please use "abi.encodePacked(...)" or a similar function to encode the data.
      o_hash = sha3(msg.data, block.number);
               ^--------------------------^
smartbugs/dataset/access_control/parity_wallet_bug_1.sol:259:9: Warning: Invoking events without "emit" prefix is deprecated.
        ConfirmationNeeded(o_hash, msg.sender, _value, _to, _data);
        ^--------------------------------------------------------^
smartbugs/dataset/access_control/parity_wallet_bug_1.sol:267:13: Error: Identifier not found.
      jumpi(invalidJumpLabel, iszero(extcodesize(o_addr)))
            ^--------------^
smartbugs/dataset/access_control/parity_wallet_bug_1.sol:267:7: Warning: Jump instructions and labels are low-level EVM features that can lead to incorrect stack access. Because of that they are discouraged. Please consider using "switch", "if" or "for" statements instead.
      jumpi(invalidJumpLabel, iszero(extcodesize(o_addr)))
      ^--------------------------------------------------^
smartbugs/dataset/access_control/parity_wallet_bug_1.sol:283:7: Warning: Invoking events without "emit" prefix is deprecated.
      MultiTransact(msg.sender, _h, m_txs[_h].value, m_txs[_h].to, m_txs[_h].data, created);
      ^-----------------------------------------------------------------------------------^
smartbugs/dataset/access_control/parity_wallet_bug_1.sol:311:7: Warning: Invoking events without "emit" prefix is deprecated.
      Confirmation(msg.sender, _operation);
      ^----------------------------------^
smartbugs/dataset/access_control/parity_wallet_bug_1.sol:377:37: Warning: This looks like an address but has an invalid checksum. If this is not used as an address, please prepend '00'. Correct checksummed address: '0xCAfEcAfeCAfECaFeCaFecaFecaFECafECafeCaFe'. For more information please see https://solidity.readthedocs.io/en/develop/types.html#address-literals
  address constant _walletLibrary = 0xcafecafecafecafecafecafecafecafecafecafe;
                                    ^----------------------------------------^
smartbugs/dataset/access_control/parity_wallet_bug_1.sol:408:25: Warning: "sha3" has been deprecated in favour of "keccak256"
    bytes4 sig = bytes4(sha3("initWallet(address[],uint256,uint256)"));
                        ^-------------------------------------------^
smartbugs/dataset/access_control/parity_wallet_bug_1.sol:424:7: Warning: Top-level expressions are not supposed to return values (this expression returns 1 value). Use ``pop()`` or assign them.
      delegatecall(sub(gas, 10000), target, 0x0, add(argsize, 0x4), 0x0, 0x0)
      ^---------------------------------------------------------------------^
smartbugs/dataset/access_control/parity_wallet_bug_1.sol:417:14: Error: Unbalanced stack at the end of a block: 1 surplus item(s).
    assembly {
             ^ (Relevant source part starts here and spans across multiple lines).
smartbugs/dataset/access_control/parity_wallet_bug_1.sol:434:7: Warning: Invoking events without "emit" prefix is deprecated.
      Deposit(msg.sender, msg.value);
      ^----------------------------^
smartbugs/dataset/access_control/parity_wallet_bug_1.sol:437:7: Warning: Return value of low-level calls not used.
      _walletLibrary.delegatecall(msg.data); //it should have whitelisted specific methods that the user is allowed to call
      ^-----------------------------------^
smartbugs/dataset/access_control/parity_wallet_bug_1.sol:456:37: Warning: This looks like an address but has an invalid checksum. If this is not used as an address, please prepend '00'. Correct checksummed address: '0xCAfEcAfeCAfECaFeCaFecaFecaFECafECafeCaFe'. For more information please see https://solidity.readthedocs.io/en/develop/types.html#address-literals
  address constant _walletLibrary = 0xcafecafecafecafecafecafecafecafecafecafe;
                                    ^----------------------------------------^

None
Error in smartbugs/dataset/access_control/parity_wallet_bug_1.sol
Traceback (most recent call last):
  File "/usr/local/lib/python3.8/site-packages/crytic_compile/platform/solc.py", line 529, in _run_solc
    ret: Dict = json.loads(stdout)
  File "/usr/local/lib/python3.8/json/__init__.py", line 357, in loads
    return _default_decoder.decode(s)
  File "/usr/local/lib/python3.8/json/decoder.py", line 337, in decode
    obj, end = self.raw_decode(s, idx=_w(s, 0).end())
  File "/usr/local/lib/python3.8/json/decoder.py", line 355, in raw_decode
    raise JSONDecodeError("Expecting value", s, err.value) from None
json.decoder.JSONDecodeError: Expecting value: line 1 column 1 (char 0)

During handling of the above exception, another exception occurred:

Traceback (most recent call last):
  File "/sGuardPlus/src/../slither_func2vec/__main__.py", line 741, in main_impl
    ) = process_all(filename, args, detector_classes, printer_classes)
  File "/sGuardPlus/src/../slither_func2vec/__main__.py", line 72, in process_all
    compilations = compile_all(target, **vars(args))
  File "/usr/local/lib/python3.8/site-packages/crytic_compile/crytic_compile.py", line 637, in compile_all
    compilations.append(CryticCompile(target, **kwargs))
  File "/usr/local/lib/python3.8/site-packages/crytic_compile/crytic_compile.py", line 117, in __init__
    self._compile(**kwargs)
  File "/usr/local/lib/python3.8/site-packages/crytic_compile/crytic_compile.py", line 548, in _compile
    self._platform.compile(self, **kwargs)
  File "/usr/local/lib/python3.8/site-packages/crytic_compile/platform/solc.py", line 153, in compile
    targets_json = _get_targets_json(compilation_unit, self._target, **kwargs)
  File "/usr/local/lib/python3.8/site-packages/crytic_compile/platform/solc.py", line 275, in _get_targets_json
    return _run_solc(
  File "/usr/local/lib/python3.8/site-packages/crytic_compile/platform/solc.py", line 533, in _run_solc
    raise InvalidCompilation(f"Invalid solc compilation {stderr}")
crytic_compile.platform.exceptions.InvalidCompilation: Invalid solc compilation smartbugs/dataset/access_control/parity_wallet_bug_1.sol:131:5: Warning: Use of the "var" keyword is deprecated.
    var pending = m_pending[_operation];
    ^---------^
smartbugs/dataset/access_control/parity_wallet_bug_1.sol:195:5: Warning: Use of the "var" keyword is deprecated.
    var pending = m_pending[_operation];
    ^---------^
smartbugs/dataset/access_control/parity_wallet_bug_1.sol:246:11: Warning: "throw" is deprecated in favour of "revert()", "require()" and "assert()".
          throw;
          ^---^
smartbugs/dataset/access_control/parity_wallet_bug_1.sol:280:11: Warning: "throw" is deprecated in favour of "revert()", "require()" and "assert()".
          throw;
          ^---^
smartbugs/dataset/access_control/parity_wallet_bug_1.sol:297:5: Warning: Use of the "var" keyword is deprecated.
    var pending = m_pending[_operation];
    ^---------^
smartbugs/dataset/access_control/parity_wallet_bug_1.sol:406:3: Warning: Defining constructors as functions with the same name as the contract is deprecated. Use "constructor(...) { ... }" instead.
  function Wallet(address[] _owners, uint _required, uint _daylimit) {
  ^ (Relevant source part starts here and spans across multiple lines).
smartbugs/dataset/access_control/parity_wallet_bug_1.sol:264:3: Warning: Variable is shadowed in inline assembly by an instruction of the same name
  function create(uint _value, bytes _code) internal returns (address o_addr) {
  ^ (Relevant source part starts here and spans across multiple lines).
smartbugs/dataset/access_control/parity_wallet_bug_1.sol:108:7: Warning: Invoking events without "emit" prefix is deprecated.
      Deposit(msg.sender, msg.value);
      ^----------------------------^
smartbugs/dataset/access_control/parity_wallet_bug_1.sol:135:7: Warning: Invoking events without "emit" prefix is deprecated.
      Revoke(msg.sender, _operation);
      ^----------------------------^
smartbugs/dataset/access_control/parity_wallet_bug_1.sol:140:67: Warning: "sha3" has been deprecated in favour of "keccak256"
  function changeOwner(address _from, address _to) onlymanyowners(sha3(msg.data)) external {
                                                                  ^------------^
smartbugs/dataset/access_control/parity_wallet_bug_1.sol:149:5: Warning: Invoking events without "emit" prefix is deprecated.
    OwnerChanged(_from, _to);
    ^----------------------^
smartbugs/dataset/access_control/parity_wallet_bug_1.sol:152:52: Warning: "sha3" has been deprecated in favour of "keccak256"
  function addOwner(address _owner) onlymanyowners(sha3(msg.data)) external {
                                                   ^------------^
smartbugs/dataset/access_control/parity_wallet_bug_1.sol:163:5: Warning: Invoking events without "emit" prefix is deprecated.
    OwnerAdded(_owner);
    ^----------------^
smartbugs/dataset/access_control/parity_wallet_bug_1.sol:166:55: Warning: "sha3" has been deprecated in favour of "keccak256"
  function removeOwner(address _owner) onlymanyowners(sha3(msg.data)) external {
                                                      ^------------^
smartbugs/dataset/access_control/parity_wallet_bug_1.sol:175:5: Warning: Invoking events without "emit" prefix is deprecated.
    OwnerRemoved(_owner);
    ^------------------^
smartbugs/dataset/access_control/parity_wallet_bug_1.sol:178:64: Warning: "sha3" has been deprecated in favour of "keccak256"
  function changeRequirement(uint _newRequired) onlymanyowners(sha3(msg.data)) external {
                                                               ^------------^
smartbugs/dataset/access_control/parity_wallet_bug_1.sol:182:5: Warning: Invoking events without "emit" prefix is deprecated.
    RequirementChanged(_newRequired);
    ^------------------------------^
smartbugs/dataset/access_control/parity_wallet_bug_1.sol:212:57: Warning: "sha3" has been deprecated in favour of "keccak256"
  function setDailyLimit(uint _newLimit) onlymanyowners(sha3(msg.data)) external {
                                                        ^------------^
smartbugs/dataset/access_control/parity_wallet_bug_1.sol:216:45: Warning: "sha3" has been deprecated in favour of "keccak256"
  function resetSpentToday() onlymanyowners(sha3(msg.data)) external {
                                            ^------------^
smartbugs/dataset/access_control/parity_wallet_bug_1.sol:229:45: Warning: "sha3" has been deprecated in favour of "keccak256"
  function kill(address _to) onlymanyowners(sha3(msg.data)) external {
                                            ^------------^
smartbugs/dataset/access_control/parity_wallet_bug_1.sol:230:5: Warning: "suicide" has been deprecated in favour of "selfdestruct"
    suicide(_to);
    ^----------^
smartbugs/dataset/access_control/parity_wallet_bug_1.sol:248:7: Warning: Invoking events without "emit" prefix is deprecated.
      SingleTransact(msg.sender, _value, _to, _data, created);
      ^-----------------------------------------------------^
smartbugs/dataset/access_control/parity_wallet_bug_1.sol:251:16: Warning: "sha3" has been deprecated in favour of "keccak256"
      o_hash = sha3(msg.data, block.number);
               ^--------------------------^
smartbugs/dataset/access_control/parity_wallet_bug_1.sol:251:16: Warning: This function only accepts a single "bytes" argument. Please use "abi.encodePacked(...)" or a similar function to encode the data.
      o_hash = sha3(msg.data, block.number);
               ^--------------------------^
smartbugs/dataset/access_control/parity_wallet_bug_1.sol:259:9: Warning: Invoking events without "emit" prefix is deprecated.
        ConfirmationNeeded(o_hash, msg.sender, _value, _to, _data);
        ^--------------------------------------------------------^
smartbugs/dataset/access_control/parity_wallet_bug_1.sol:267:13: Error: Identifier not found.
      jumpi(invalidJumpLabel, iszero(extcodesize(o_addr)))
            ^--------------^
smartbugs/dataset/access_control/parity_wallet_bug_1.sol:267:7: Warning: Jump instructions and labels are low-level EVM features that can lead to incorrect stack access. Because of that they are discouraged. Please consider using "switch", "if" or "for" statements instead.
      jumpi(invalidJumpLabel, iszero(extcodesize(o_addr)))
      ^--------------------------------------------------^
smartbugs/dataset/access_control/parity_wallet_bug_1.sol:283:7: Warning: Invoking events without "emit" prefix is deprecated.
      MultiTransact(msg.sender, _h, m_txs[_h].value, m_txs[_h].to, m_txs[_h].data, created);
      ^-----------------------------------------------------------------------------------^
smartbugs/dataset/access_control/parity_wallet_bug_1.sol:311:7: Warning: Invoking events without "emit" prefix is deprecated.
      Confirmation(msg.sender, _operation);
      ^----------------------------------^
smartbugs/dataset/access_control/parity_wallet_bug_1.sol:377:37: Warning: This looks like an address but has an invalid checksum. If this is not used as an address, please prepend '00'. Correct checksummed address: '0xCAfEcAfeCAfECaFeCaFecaFecaFECafECafeCaFe'. For more information please see https://solidity.readthedocs.io/en/develop/types.html#address-literals
  address constant _walletLibrary = 0xcafecafecafecafecafecafecafecafecafecafe;
                                    ^----------------------------------------^
smartbugs/dataset/access_control/parity_wallet_bug_1.sol:408:25: Warning: "sha3" has been deprecated in favour of "keccak256"
    bytes4 sig = bytes4(sha3("initWallet(address[],uint256,uint256)"));
                        ^-------------------------------------------^
smartbugs/dataset/access_control/parity_wallet_bug_1.sol:424:7: Warning: Top-level expressions are not supposed to return values (this expression returns 1 value). Use ``pop()`` or assign them.
      delegatecall(sub(gas, 10000), target, 0x0, add(argsize, 0x4), 0x0, 0x0)
      ^---------------------------------------------------------------------^
smartbugs/dataset/access_control/parity_wallet_bug_1.sol:417:14: Error: Unbalanced stack at the end of a block: 1 surplus item(s).
    assembly {
             ^ (Relevant source part starts here and spans across multiple lines).
smartbugs/dataset/access_control/parity_wallet_bug_1.sol:434:7: Warning: Invoking events without "emit" prefix is deprecated.
      Deposit(msg.sender, msg.value);
      ^----------------------------^
smartbugs/dataset/access_control/parity_wallet_bug_1.sol:437:7: Warning: Return value of low-level calls not used.
      _walletLibrary.delegatecall(msg.data); //it should have whitelisted specific methods that the user is allowed to call
      ^-----------------------------------^
smartbugs/dataset/access_control/parity_wallet_bug_1.sol:456:37: Warning: This looks like an address but has an invalid checksum. If this is not used as an address, please prepend '00'. Correct checksummed address: '0xCAfEcAfeCAfECaFeCaFecaFecaFECafECafeCaFe'. For more information please see https://solidity.readthedocs.io/en/develop/types.html#address-literals
  address constant _walletLibrary = 0xcafecafecafecafecafecafecafecafecafecafe;
                                    ^----------------------------------------^


