smartbugs/dataset/unchecked_low_level_calls/king_of_the_ether_throne.sol:72:5: Warning: Defining constructors as functions with the same name as the contract is deprecated. Use "constructor(...) { ... }" instead.
    function KingOfTheEtherThrone() {
    ^ (Relevant source part starts here and spans across multiple lines).
smartbugs/dataset/unchecked_low_level_calls/king_of_the_ether_throne.sol:25:1: Warning: Source file does not specify required compiler version!Consider adding "pragma solidity ^0.4.24;"
contract KingOfTheEtherThrone {
^ (Relevant source part starts here and spans across multiple lines).
smartbugs/dataset/unchecked_low_level_calls/king_of_the_ether_throne.sol:109:13: Warning: Failure condition of 'send' ignored. Consider using 'transfer' instead.
            msg.sender.send(valuePaid);
            ^------------------------^
smartbugs/dataset/unchecked_low_level_calls/king_of_the_ether_throne.sol:117:13: Warning: Failure condition of 'send' ignored. Consider using 'transfer' instead.
            msg.sender.send(excessPaid);
            ^-------------------------^
smartbugs/dataset/unchecked_low_level_calls/king_of_the_ether_throne.sol:131:13: Warning: Failure condition of 'send' ignored. Consider using 'transfer' instead.
            currentMonarch.etherAddress.send(compensation);
            ^--------------------------------------------^
smartbugs/dataset/unchecked_low_level_calls/king_of_the_ether_throne.sol:167:9: Warning: Invoking events without "emit" prefix is deprecated.
        ThroneClaimed(currentMonarch.etherAddress, currentMonarch.name, currentClaimPrice);
        ^--------------------------------------------------------------------------------^
smartbugs/dataset/unchecked_low_level_calls/king_of_the_ether_throne.sol:173:9: Warning: Failure condition of 'send' ignored. Consider using 'transfer' instead.
        wizardAddress.send(amount);
        ^------------------------^
smartbugs/dataset/unchecked_low_level_calls/king_of_the_ether_throne.sol:72:5: Warning: No visibility specified. Defaulting to "public". 
    function KingOfTheEtherThrone() {
    ^ (Relevant source part starts here and spans across multiple lines).
smartbugs/dataset/unchecked_low_level_calls/king_of_the_ether_throne.sol:83:5: Warning: No visibility specified. Defaulting to "public". 
    function numberOfMonarchs() constant returns (uint n) {
    ^ (Relevant source part starts here and spans across multiple lines).
smartbugs/dataset/unchecked_low_level_calls/king_of_the_ether_throne.sol:97:5: Warning: No visibility specified. Defaulting to "public". 
    function() {
    ^ (Relevant source part starts here and spans across multiple lines).
smartbugs/dataset/unchecked_low_level_calls/king_of_the_ether_throne.sol:102:5: Warning: No visibility specified. Defaulting to "public". 
    function claimThrone(string name) {
    ^ (Relevant source part starts here and spans across multiple lines).
smartbugs/dataset/unchecked_low_level_calls/king_of_the_ether_throne.sol:104:26: Warning: "msg.value" used in non-payable function. Do you want to add the "payable" modifier to this function?
        uint valuePaid = msg.value;
                         ^-------^
smartbugs/dataset/unchecked_low_level_calls/king_of_the_ether_throne.sol:171:5: Warning: No visibility specified. Defaulting to "public". 
    function sweepCommission(uint amount) onlywizard {
    ^ (Relevant source part starts here and spans across multiple lines).
smartbugs/dataset/unchecked_low_level_calls/king_of_the_ether_throne.sol:177:5: Warning: No visibility specified. Defaulting to "public". 
    function transferOwnership(address newOwner) onlywizard {
    ^ (Relevant source part starts here and spans across multiple lines).
FATAL ERROR: Ineffective mark-compacts near heap limit Allocation failed - JavaScript heap out of memory
 1: 0x8fb090 node::Abort() [node]
 2: 0x8fb0dc  [node]
 3: 0xb0336e v8::Utils::ReportOOMFailure(v8::internal::Isolate*, char const*, bool) [node]
 4: 0xb035a4 v8::internal::V8::FatalProcessOutOfMemory(v8::internal::Isolate*, char const*, bool) [node]
 5: 0xef7602  [node]
 6: 0xef7708 v8::internal::Heap::CheckIneffectiveMarkCompact(unsigned long, double) [node]
 7: 0xf037e2 v8::internal::Heap::PerformGarbageCollection(v8::internal::GarbageCollector, v8::GCCallbackFlags) [node]
 8: 0xf04114 v8::internal::Heap::CollectGarbage(v8::internal::AllocationSpace, v8::internal::GarbageCollectionReason, v8::GCCallbackFlags) [node]
 9: 0xf06d81 v8::internal::Heap::AllocateRawWithRetryOrFail(int, v8::internal::AllocationSpace, v8::internal::AllocationAlignment) [node]
10: 0xecfe76 v8::internal::Factory::AllocateRawArray(int, v8::internal::PretenureFlag) [node]
11: 0xed06fa v8::internal::Factory::NewFixedArrayWithFiller(v8::internal::Heap::RootListIndex, int, v8::internal::Object*, v8::internal::PretenureFlag) [node]
12: 0xed0cb7 v8::internal::Factory::NewUninitializedFixedArray(int, v8::internal::PretenureFlag) [node]
13: 0xe92430  [node]
14: 0xe926ef  [node]
15: 0x100949e v8::internal::JSObject::AddDataElement(v8::internal::Handle<v8::internal::JSObject>, unsigned int, v8::internal::Handle<v8::internal::Object>, v8::internal::PropertyAttributes, v8::internal::ShouldThrow) [node]
16: 0x1022c02 v8::internal::Object::AddDataProperty(v8::internal::LookupIterator*, v8::internal::Handle<v8::internal::Object>, v8::internal::PropertyAttributes, v8::internal::ShouldThrow, v8::internal::Object::StoreFromKeyed) [node]
17: 0x103d71d v8::internal::Object::SetProperty(v8::internal::LookupIterator*, v8::internal::Handle<v8::internal::Object>, v8::internal::LanguageMode, v8::internal::Object::StoreFromKeyed) [node]
18: 0x1198815 v8::internal::Runtime::SetObjectProperty(v8::internal::Isolate*, v8::internal::Handle<v8::internal::Object>, v8::internal::Handle<v8::internal::Object>, v8::internal::Handle<v8::internal::Object>, v8::internal::LanguageMode) [node]
19: 0x1199970 v8::internal::Runtime_SetProperty(int, v8::internal::Object**, v8::internal::Isolate*) [node]
20: 0xdc1aacdbf1d 
Aborted (core dumped)
npm ERR! code ELIFECYCLE
npm ERR! errno 134
npm ERR! symEvm@1.0.0 dev: `node src/index.js "smartbugs/dataset/unchecked_low_level_calls/king_of_the_ether_throne.sol" "results/unchecked_low_level_calls/king_of_the_ether_throne" "KingOfTheEtherThrone"`
npm ERR! Exit status 134
npm ERR! 
npm ERR! Failed at the symEvm@1.0.0 dev script.
npm ERR! This is probably not a problem with npm. There is likely additional logging output above.

npm ERR! A complete log of this run can be found in:
npm ERR!     /root/.npm/_logs/2024-05-20T13_10_56_551Z-debug.log
